<?xml version="1.0" encoding="UTF-8"?>
<!-- Generated by org.testng.reporters.JUnitXMLReporter -->
<testsuite ignored="0" hostname="DESKTOP-060IDNG" failures="0" tests="3" name="Default test" time="221.455" errors="0" timestamp="2020-05-13T23:50:21 IST">
  <testcase classname="testcase.Demo2_SFGlobalMethods.AccountTest" name="createAccount" time="87.073"/>
  <testcase classname="testcase.Demo2_SFGlobalMethods.AccountTest" name="addActivity" time="54.47"/>
  <testcase classname="testcase.Demo2_SFGlobalMethods.AccountTest" name="addChatter" time="43.108"/>
</testsuite> <!-- Default test -->
