<?xml version="1.0" encoding="UTF-8"?>
<!-- Generated by org.testng.reporters.JUnitXMLReporter -->
<testsuite ignored="0" hostname="INBENBRYOGEESH" failures="0" tests="7" name="Account" time="182.263" errors="0" timestamp="2019-12-22T23:28:24 IST">
  <testcase classname="testng.GlobalMethods.OpportunityTest" name="Opportunity" time="35.167"/>
  <testcase classname="testng.GlobalMethods.ChatterTest" name="Chatter" time="57.445"/>
  <testcase classname="testng.GlobalMethods.AccountTest" name="createAccount" time="55.959"/>
  <testcase classname="testng.GlobalMethods.OpportunityTest" name="addActivity" time="29.983"/>
  <testcase classname="testng.GlobalMethods.AccountTest" name="addActivity" time="27.876"/>
  <testcase classname="testng.GlobalMethods.OpportunityTest" name="addChatter" time="27.279"/>
  <testcase classname="testng.GlobalMethods.AccountTest" name="addChatter" time="24.271"/>
</testsuite> <!-- Account -->
