<?xml version="1.0" encoding="UTF-8"?>
<!-- Generated by org.testng.reporters.JUnitXMLReporter -->
<testsuite hostname="yogi" ignored="0" name="Account" tests="7" failures="0" timestamp="2020-01-13T00:30:53 IST" time="312.019" errors="0">
  <testcase name="Chatter" time="61.882" classname="testng.Demo2_SFGlobalMethods.ChatterTest"/>
  <testcase name="Opportunity" time="67.031" classname="testng.Demo2_SFGlobalMethods.OpportunityTest"/>
  <testcase name="createAccount" time="116.747" classname="testng.Demo2_SFGlobalMethods.AccountTest"/>
  <testcase name="addActivity" time="82.152" classname="testng.Demo2_SFGlobalMethods.OpportunityTest"/>
  <testcase name="addActivity" time="75.619" classname="testng.Demo2_SFGlobalMethods.AccountTest"/>
  <testcase name="addChatter" time="60.15" classname="testng.Demo2_SFGlobalMethods.OpportunityTest"/>
  <testcase name="addChatter" time="66.898" classname="testng.Demo2_SFGlobalMethods.AccountTest"/>
</testsuite> <!-- Account -->
