<?xml version="1.0" encoding="UTF-8"?>
<!-- Generated by org.testng.reporters.JUnitXMLReporter -->
<testsuite ignored="0" hostname="DESKTOP-060IDNG" failures="0" tests="3" name="Demo4_Account" time="287.426" errors="0" timestamp="2020-05-12T21:33:40 IST">
  <testcase classname="testcase.Demo4_SFWithSpecificMethod.AccountTest" name="createAccount" time="152.8"/>
  <testcase classname="testcase.Demo4_SFWithSpecificMethod.AccountTest" name="addActivity" time="45.514"/>
  <testcase classname="testcase.Demo4_SFWithSpecificMethod.AccountTest" name="addChatter" time="44.25"/>
</testsuite> <!-- Demo4_Account -->
