<?xml version="1.0" encoding="UTF-8"?>
<!-- Generated by org.testng.reporters.JUnitXMLReporter -->
<testsuite ignored="0" hostname="DESKTOP-060IDNG" failures="1" tests="4" name="Demo2_Chatter" time="77.312" errors="0" timestamp="2020-05-14T08:58:42 IST">
  <testcase classname="testcase.Demo1_GlobalSearch.SFGlobalSearch" name="globalSearch" time="59.149"/>
  <testcase classname="testcase.Demo2_SFGlobalMethods.AccountTest" name="account" time="269.984"/>
  <testcase classname="testcase.Demo2_SFGlobalMethods.OpportunityTest" name="Opportunity" time="168.69"/>
  <testcase classname="testcase.Demo2_SFGlobalMethods.ChatterTest" name="Chatter" time="46.788">
    <failure type="java.lang.RuntimeException" message="Element not found">
      <![CDATA[java.lang.RuntimeException: Element not found
at com.solveurits.automation.SalesforceAT.sfGetTabWebElementMethod(SalesforceAT.java:1484)
at com.solveurits.automation.SalesforceAT.sfGetTabWebElement(SalesforceAT.java:1477)
at com.solveurits.automation.SalesforceAT.sfClickTabMethod(SalesforceAT.java:1454)
at com.solveurits.automation.SalesforceAT.sfClickTab(SalesforceAT.java:1446)
at features.Chatter.clickPostTab(Chatter.java:51)
at features.Chatter.addPostChatter(Chatter.java:113)
at testcase.Demo2_SFGlobalMethods.ChatterTest.Chatter(ChatterTest.java:92)
at java.base/java.util.ArrayList.forEach(ArrayList.java:1507)
at java.base/java.util.concurrent.FutureTask.run(FutureTask.java:264)
at java.base/java.util.concurrent.ThreadPoolExecutor.runWorker(ThreadPoolExecutor.java:1128)
at java.base/java.util.concurrent.ThreadPoolExecutor$Worker.run(ThreadPoolExecutor.java:628)
at java.base/java.lang.Thread.run(Thread.java:830)
... Removed 18 stack frames]]>
    </failure>
  </testcase> <!-- Chatter -->
</testsuite> <!-- Demo2_Chatter -->
