<?xml version="1.0" encoding="UTF-8"?>
<!-- Generated by org.testng.reporters.JUnitXMLReporter -->
<testsuite ignored="0" hostname="DESKTOP-060IDNG" failures="0" tests="14" name="Demo3_Chatter" time="132.475" errors="0" timestamp="2020-05-12T21:29:09 IST">
  <testcase classname="testcase.Demo1_GlobalSearch.SFGlobalSearch" name="globalSearch" time="113.676"/>
  <testcase classname="testcase.Demo2_SFGlobalMethods.OpportunityTest" name="Opportunity" time="123.646"/>
  <testcase classname="testcase.Demo2_SFGlobalMethods.ChatterTest" name="Chatter" time="126.927"/>
  <testcase classname="testcase.Demo2_SFGlobalMethods.OpportunityTest" name="addActivity" time="132.12"/>
  <testcase classname="testcase.Demo2_SFGlobalMethods.AccountTest" name="createAccount" time="231.896"/>
  <testcase classname="testcase.Demo3_SFWithElementMethod.OpportunityTest" name="Opportunity" time="83.513"/>
  <testcase classname="testcase.Demo2_SFGlobalMethods.OpportunityTest" name="addChatter" time="80.552"/>
  <testcase classname="testcase.Demo3_SFWithElementMethod.AccountTest" name="createAccount" time="198.873"/>
  <testcase classname="testcase.Demo2_SFGlobalMethods.AccountTest" name="addActivity" time="96.954"/>
  <testcase classname="testcase.Demo3_SFWithElementMethod.OpportunityTest" name="addActivity" time="87.6"/>
  <testcase classname="testcase.Demo2_SFGlobalMethods.AccountTest" name="addChatter" time="90.099"/>
  <testcase classname="testcase.Demo3_SFWithElementMethod.AccountTest" name="addActivity" time="102.656"/>
  <testcase classname="testcase.Demo3_SFWithElementMethod.OpportunityTest" name="addChatter" time="88.369"/>
  <testcase classname="testcase.Demo3_SFWithElementMethod.ChatterTest" name="Chatter" time="70.648"/>
</testsuite> <!-- Demo3_Chatter -->
