<?xml version="1.0" encoding="UTF-8"?>
<!-- Generated by org.testng.reporters.JUnitXMLReporter -->
<testsuite ignored="0" hostname="DESKTOP-060IDNG" failures="0" tests="3" name="Demo2_Opportunity" time="206.198" errors="0" timestamp="2020-05-14T08:57:33 IST">
  <testcase classname="testcase.Demo1_GlobalSearch.SFGlobalSearch" name="globalSearch" time="59.149"/>
  <testcase classname="testcase.Demo2_SFGlobalMethods.AccountTest" name="account" time="269.984"/>
  <testcase classname="testcase.Demo2_SFGlobalMethods.OpportunityTest" name="Opportunity" time="168.69"/>
</testsuite> <!-- Demo2_Opportunity -->
