<?xml version="1.0" encoding="UTF-8"?>
<!-- Generated by org.testng.reporters.JUnitXMLReporter -->
<testsuite ignored="0" hostname="DESKTOP-060IDNG" failures="0" tests="4" name="Demo4_Opportunity" time="208.083" errors="0" timestamp="2020-05-14T09:07:30 IST">
  <testcase classname="testcase.Demo3_SFWithElementMethod.AccountTest" name="account" time="253.614"/>
  <testcase classname="testcase.Demo3_SFWithElementMethod.ChatterTest" name="Chatter" time="65.603"/>
  <testcase classname="testcase.Demo4_SFWithSpecificMethod.AccountTest" name="account" time="246.383"/>
  <testcase classname="testcase.Demo4_SFWithSpecificMethod.OpportunityTest" name="Opportunity" time="181.383"/>
</testsuite> <!-- Demo4_Opportunity -->
