<?xml version="1.0" encoding="UTF-8"?>
<!-- Generated by org.testng.reporters.JUnitXMLReporter -->
<testsuite ignored="0" hostname="DESKTOP-060IDNG" failures="1" tests="5" name="Demo4_Chatter" time="69.329" errors="0" timestamp="2020-05-14T09:08:31 IST">
  <testcase classname="testcase.Demo3_SFWithElementMethod.AccountTest" name="account" time="253.614"/>
  <testcase classname="testcase.Demo3_SFWithElementMethod.ChatterTest" name="Chatter" time="65.603"/>
  <testcase classname="testcase.Demo4_SFWithSpecificMethod.AccountTest" name="account" time="246.383"/>
  <testcase classname="testcase.Demo4_SFWithSpecificMethod.OpportunityTest" name="Opportunity" time="181.383"/>
  <testcase classname="testcase.Demo4_SFWithSpecificMethod.ChatterTest" name="Chatter" time="31.614">
    <failure type="java.lang.RuntimeException" message="Element not found">
      <![CDATA[java.lang.RuntimeException: Element not found
at com.solveurits.automation.SalesforceAT.sfGetTabWebElementMethod(SalesforceAT.java:1484)
at com.solveurits.automation.SalesforceAT.sfGetTabWebElement(SalesforceAT.java:1477)
at com.solveurits.automation.SalesforceAT.sfClickTabMethod(SalesforceAT.java:1454)
at com.solveurits.automation.SalesforceAT.sfClickTab(SalesforceAT.java:1446)
at features.Chatter.clickPostTab(Chatter.java:51)
at features.Chatter.addPostChatterWithSpecificMethod(Chatter.java:152)
at testcase.Demo4_SFWithSpecificMethod.ChatterTest.Chatter(ChatterTest.java:92)
at java.base/java.util.ArrayList.forEach(ArrayList.java:1507)
at java.base/java.util.concurrent.FutureTask.run(FutureTask.java:264)
at java.base/java.util.concurrent.ThreadPoolExecutor.runWorker(ThreadPoolExecutor.java:1128)
at java.base/java.util.concurrent.ThreadPoolExecutor$Worker.run(ThreadPoolExecutor.java:628)
at java.base/java.lang.Thread.run(Thread.java:830)
... Removed 18 stack frames]]>
    </failure>
  </testcase> <!-- Chatter -->
</testsuite> <!-- Demo4_Chatter -->
