<?xml version="1.0" encoding="UTF-8"?>
<!-- Generated by org.testng.reporters.JUnitXMLReporter -->
<testsuite ignored="0" hostname="DESKTOP-060IDNG" failures="0" tests="8" name="Demo2_Account" time="521.671" errors="0" timestamp="2020-05-12T21:28:53 IST">
  <testcase classname="testcase.Demo1_GlobalSearch.SFGlobalSearch" name="globalSearch" time="113.676"/>
  <testcase classname="testcase.Demo2_SFGlobalMethods.OpportunityTest" name="Opportunity" time="123.646"/>
  <testcase classname="testcase.Demo2_SFGlobalMethods.ChatterTest" name="Chatter" time="126.927"/>
  <testcase classname="testcase.Demo2_SFGlobalMethods.OpportunityTest" name="addActivity" time="132.12"/>
  <testcase classname="testcase.Demo2_SFGlobalMethods.AccountTest" name="createAccount" time="231.896"/>
  <testcase classname="testcase.Demo2_SFGlobalMethods.OpportunityTest" name="addChatter" time="80.552"/>
  <testcase classname="testcase.Demo2_SFGlobalMethods.AccountTest" name="addActivity" time="96.954"/>
  <testcase classname="testcase.Demo2_SFGlobalMethods.AccountTest" name="addChatter" time="90.099"/>
</testsuite> <!-- Demo2_Account -->
