<?xml version="1.0" encoding="UTF-8"?>
<!-- Generated by org.testng.reporters.JUnitXMLReporter -->
<testsuite ignored="0" hostname="DESKTOP-060IDNG" failures="0" tests="3" name="Opportunity" time="152.969" errors="0" timestamp="2020-05-12T21:45:46 IST">
  <testcase classname="testcase.Demo4_SFWithSpecificMethod.OpportunityTest" name="Opportunity" time="35.663"/>
  <testcase classname="testcase.Demo4_SFWithSpecificMethod.OpportunityTest" name="addActivity" time="43.76"/>
  <testcase classname="testcase.Demo4_SFWithSpecificMethod.OpportunityTest" name="addChatter" time="38.171"/>
</testsuite> <!-- Opportunity -->
