<?xml version="1.0" encoding="UTF-8"?>
<testng-results skipped="0" failed="0" ignored="0" total="1" passed="1">
  <reporter-output>
  </reporter-output>
  <suite name="Default suite" duration-ms="95189" started-at="2020-01-13T01:04:06 IST" finished-at="2020-01-13T01:05:41 IST">
    <groups>
    </groups>
    <test name="Default test" duration-ms="95189" started-at="2020-01-13T01:04:06 IST" finished-at="2020-01-13T01:05:41 IST">
      <class name="testng.Demo1_GlobalSearch.SFGlobalSearch">
        <test-method status="PASS" signature="setupClass()[pri:0, instance:testng.Demo1_GlobalSearch.SFGlobalSearch@396f6598]" name="setupClass" is-config="true" duration-ms="3060" started-at="2020-01-13T01:04:03 IST" finished-at="2020-01-13T01:04:06 IST">
          <reporter-output>
          </reporter-output>
        </test-method> <!-- setupClass -->
        <test-method status="PASS" signature="setupTest()[pri:0, instance:testng.Demo1_GlobalSearch.SFGlobalSearch@396f6598]" name="setupTest" is-config="true" duration-ms="39104" started-at="2020-01-13T01:04:06 IST" finished-at="2020-01-13T01:04:45 IST">
          <reporter-output>
          </reporter-output>
        </test-method> <!-- setupTest -->
        <test-method status="PASS" signature="globalSearch()[pri:0, instance:testng.Demo1_GlobalSearch.SFGlobalSearch@396f6598]" name="globalSearch" duration-ms="49954" started-at="2020-01-13T01:04:45 IST" finished-at="2020-01-13T01:05:35 IST">
          <reporter-output>
          </reporter-output>
        </test-method> <!-- globalSearch -->
        <test-method status="PASS" signature="teardown()[pri:0, instance:testng.Demo1_GlobalSearch.SFGlobalSearch@396f6598]" name="teardown" is-config="true" duration-ms="5944" started-at="2020-01-13T01:05:35 IST" finished-at="2020-01-13T01:05:41 IST">
          <reporter-output>
          </reporter-output>
        </test-method> <!-- teardown -->
      </class> <!-- testng.Demo1_GlobalSearch.SFGlobalSearch -->
    </test> <!-- Default test -->
  </suite> <!-- Default suite -->
</testng-results>
